player/build/intermediates/manifest_merge_blame_file/debug/manifest-merger-blame-debug-report.txt
1<?xml version="1.0" encoding="utf-8"?>
2<manifest xmlns:android="http://schemas.android.com/apk/res/android"
3    package="com.github.tvbox.osc.player" > <!-- <application -->
4    <!-- android:allowBackup="true" -->
5    <!-- android:label="@string/app_name" -->
6    <!-- android:supportsRtl="true"> -->
7    <!-- <activity android:name="tv.danmaku.ijk.media.player.demo.IjkDemoActivity"> -->
8    <!-- <intent-filter> -->
9    <!-- <action android:name="android.intent.action.MAIN" /> -->
10    <!-- <category android:name="android.intent.category.LAUNCHER" /> -->
11    <!-- </intent-filter> -->
12    <!-- </activity> -->
13    <!-- </application> -->
14    <uses-sdk
15        android:minSdkVersion="16"
15-->src\main\AndroidManifest.xml
16        android:targetSdkVersion="26" />
16-->src\main\AndroidManifest.xml
17
18    <uses-permission android:name="android.permission.INTERNET" />
18-->src\main\AndroidManifest.xml:5:5-67
18-->src\main\AndroidManifest.xml:5:22-64
19    <uses-permission android:name="android.permission.ACCESS_NETWORK_STATE" />
19-->src\main\AndroidManifest.xml:6:5-79
19-->src\main\AndroidManifest.xml:6:22-76
20    <uses-permission android:name="android.permission.ACCESS_WIFI_STATE" />
20-->src\main\AndroidManifest.xml:7:5-76
20-->src\main\AndroidManifest.xml:7:22-73
21    <uses-permission android:name="android.permission.CHANGE_WIFI_MULTICAST_STATE" />
21-->src\main\AndroidManifest.xml:8:5-86
21-->src\main\AndroidManifest.xml:8:22-83
22    <uses-permission android:name="android.permission.READ_PHONE_STATE" />
22-->src\main\AndroidManifest.xml:9:5-75
22-->src\main\AndroidManifest.xml:9:22-72
23    <uses-permission android:name="android.permission.READ_EXTERNAL_STORAGE" />
23-->src\main\AndroidManifest.xml:10:5-80
23-->src\main\AndroidManifest.xml:10:22-77
24    <uses-permission android:name="android.permission.WRITE_EXTERNAL_STORAGE" />
24-->src\main\AndroidManifest.xml:11:5-81
24-->src\main\AndroidManifest.xml:11:22-78
25    <uses-permission android:name="android.permission.WAKE_LOCK" />
25-->src\main\AndroidManifest.xml:12:5-68
25-->src\main\AndroidManifest.xml:12:22-65
26    <uses-permission android:name="android.permission.GET_TASKS" />
26-->src\main\AndroidManifest.xml:13:5-68
26-->src\main\AndroidManifest.xml:13:22-65
27    <uses-permission android:name="android.permission.ACCESS_FINE_LOCATION" />
27-->src\main\AndroidManifest.xml:14:5-79
27-->src\main\AndroidManifest.xml:14:22-76
28    <uses-permission android:name="android.permission.REQUEST_INSTALL_PACKAGES" />
28-->src\main\AndroidManifest.xml:15:5-83
28-->src\main\AndroidManifest.xml:15:22-80
29
30</manifest>